<?xml version="1.0" encoding="UTF-8"?>
<suppressedErrors>
  <error>
    <sourceFile>CheckUtil.java</sourceFile>
    <bugPattern>ReturnValueIgnored</bugPattern>
    <description>Return value of &apos;findFirst&apos; must be used</description>
    <lineContent>.findFirst();</lineContent>
  </error>

  <error>
    <sourceFile>PropertyCacheFileTest.java</sourceFile>
    <bugPattern>CheckReturnValue</bugPattern>
    <description>The result of `toByteArray(...)` must be used</description>
    <lineContent>byteStream.when(() -&gt; ByteStreams.toByteArray(any(BufferedInputStream.class)))</lineContent>
  </error>
</suppressedErrors>
