<?xml version="1.0" encoding="UTF-8"?>
<suppressedErrors>
  <error>
    <sourceFile>CheckUtil.java</sourceFile>
    <bugPattern>ReturnValueIgnored</bugPattern>
    <description>Return value of &apos;findFirst&apos; must be used</description>
    <lineContent>.findFirst();</lineContent>
  </error>
  <!-- Better suggestion after https://github.com/PicnicSupermarket/error-prone-support/issues/954. -->
  <error>
    <sourceFile>CliOptionsXdocsSyncTest.java</sourceFile>
    <bugPattern>CollectorMutability</bugPattern>
    <description>Avoid `Collectors.to{List,Map,Set}` in favor of collectors that emphasize (im)mutability</description>
    <lineContent>.collect(Collectors.toList());</lineContent>
  </error>
</suppressedErrors>

